<?xml version="1.0" encoding="UTF-8"?>
<testsuite name="com.fetch.exercise.FetchExerciseApplicationTests" tests="1" skipped="0" failures="0" errors="0" timestamp="2018-12-24T12:09:20" hostname="tuanle-HP-ProDesk-400-G2-MT-TPM-DP" time="0.036">
  <properties/>
  <testcase name="contextLoads" classname="com.fetch.exercise.FetchExerciseApplicationTests" time="0.036"/>
  <system-out><![CDATA[19:09:15.435 [Test worker] DEBUG org.springframework.test.context.junit4.SpringJUnit4ClassRunner - SpringJUnit4ClassRunner constructor called with [class com.fetch.exercise.FetchExerciseApplicationTests]
19:09:15.441 [Test worker] DEBUG org.springframework.test.context.BootstrapUtils - Instantiating CacheAwareContextLoaderDelegate from class [org.springframework.test.context.cache.DefaultCacheAwareContextLoaderDelegate]
19:09:15.448 [Test worker] DEBUG org.springframework.test.context.BootstrapUtils - Instantiating BootstrapContext using constructor [public org.springframework.test.context.support.DefaultBootstrapContext(java.lang.Class,org.springframework.test.context.CacheAwareContextLoaderDelegate)]
19:09:15.461 [Test worker] DEBUG org.springframework.test.context.BootstrapUtils - Instantiating TestContextBootstrapper for test class [com.fetch.exercise.FetchExerciseApplicationTests] from class [org.springframework.boot.test.context.SpringBootTestContextBootstrapper]
19:09:15.469 [Test worker] INFO org.springframework.boot.test.context.SpringBootTestContextBootstrapper - Neither @ContextConfiguration nor @ContextHierarchy found for test class [com.fetch.exercise.FetchExerciseApplicationTests], using SpringBootContextLoader
19:09:15.472 [Test worker] DEBUG org.springframework.test.context.support.AbstractContextLoader - Did not detect default resource location for test class [com.fetch.exercise.FetchExerciseApplicationTests]: class path resource [com/fetch/exercise/FetchExerciseApplicationTests-context.xml] does not exist
19:09:15.472 [Test worker] DEBUG org.springframework.test.context.support.AbstractContextLoader - Did not detect default resource location for test class [com.fetch.exercise.FetchExerciseApplicationTests]: class path resource [com/fetch/exercise/FetchExerciseApplicationTestsContext.groovy] does not exist
19:09:15.472 [Test worker] INFO org.springframework.test.context.support.AbstractContextLoader - Could not detect default resource locations for test class [com.fetch.exercise.FetchExerciseApplicationTests]: no resource found for suffixes {-context.xml, Context.groovy}.
19:09:15.473 [Test worker] INFO org.springframework.test.context.support.AnnotationConfigContextLoaderUtils - Could not detect default configuration classes for test class [com.fetch.exercise.FetchExerciseApplicationTests]: FetchExerciseApplicationTests does not declare any static, non-private, non-final, nested classes annotated with @Configuration.
19:09:15.500 [Test worker] DEBUG org.springframework.test.context.support.ActiveProfilesUtils - Could not find an 'annotation declaring class' for annotation type [org.springframework.test.context.ActiveProfiles] and class [com.fetch.exercise.FetchExerciseApplicationTests]
19:09:15.548 [Test worker] DEBUG org.springframework.context.annotation.ClassPathScanningCandidateComponentProvider - Identified candidate component class: file [/home/tuanle/tuandata/data/sources/fetch-exercise-2018/build/classes/java/main/com/fetch/exercise/FetchExerciseApplication.class]
19:09:15.549 [Test worker] INFO org.springframework.boot.test.context.SpringBootTestContextBootstrapper - Found @SpringBootConfiguration com.fetch.exercise.FetchExerciseApplication for test class com.fetch.exercise.FetchExerciseApplicationTests
19:09:15.625 [Test worker] DEBUG org.springframework.boot.test.context.SpringBootTestContextBootstrapper - @TestExecutionListeners is not present for class [com.fetch.exercise.FetchExerciseApplicationTests]: using defaults.
19:09:15.625 [Test worker] INFO org.springframework.boot.test.context.SpringBootTestContextBootstrapper - Loaded default TestExecutionListener class names from location [META-INF/spring.factories]: [org.springframework.security.test.context.support.WithSecurityContextTestExecutionListener, org.springframework.security.test.context.support.ReactorContextTestExecutionListener, org.springframework.boot.test.autoconfigure.restdocs.RestDocsTestExecutionListener, org.springframework.boot.test.autoconfigure.web.client.MockRestServiceServerResetTestExecutionListener, org.springframework.boot.test.autoconfigure.web.servlet.MockMvcPrintOnlyOnFailureTestExecutionListener, org.springframework.boot.test.autoconfigure.web.servlet.WebDriverTestExecutionListener, org.springframework.boot.test.mock.mockito.MockitoTestExecutionListener, org.springframework.boot.test.mock.mockito.ResetMocksTestExecutionListener, org.springframework.test.context.web.ServletTestExecutionListener, org.springframework.test.context.support.DirtiesContextBeforeModesTestExecutionListener, org.springframework.test.context.support.DependencyInjectionTestExecutionListener, org.springframework.test.context.support.DirtiesContextTestExecutionListener, org.springframework.test.context.transaction.TransactionalTestExecutionListener, org.springframework.test.context.jdbc.SqlScriptsTestExecutionListener]
19:09:15.638 [Test worker] INFO org.springframework.boot.test.context.SpringBootTestContextBootstrapper - Using TestExecutionListeners: [org.springframework.test.context.web.ServletTestExecutionListener@29a85970, org.springframework.test.context.support.DirtiesContextBeforeModesTestExecutionListener@c4ec801, org.springframework.boot.test.mock.mockito.MockitoTestExecutionListener@3bcc5250, org.springframework.boot.test.autoconfigure.SpringBootDependencyInjectionTestExecutionListener@505b7863, org.springframework.test.context.support.DirtiesContextTestExecutionListener@3bd3d8c1, org.springframework.test.context.transaction.TransactionalTestExecutionListener@41a7117a, org.springframework.test.context.jdbc.SqlScriptsTestExecutionListener@18a095cc, org.springframework.security.test.context.support.WithSecurityContextTestExecutionListener@13336edb, org.springframework.security.test.context.support.ReactorContextTestExecutionListener@3683a9ac, org.springframework.boot.test.autoconfigure.restdocs.RestDocsTestExecutionListener@4fd652c7, org.springframework.boot.test.autoconfigure.web.client.MockRestServiceServerResetTestExecutionListener@53c4b004, org.springframework.boot.test.autoconfigure.web.servlet.MockMvcPrintOnlyOnFailureTestExecutionListener@5b095911, org.springframework.boot.test.autoconfigure.web.servlet.WebDriverTestExecutionListener@706c5515, org.springframework.boot.test.mock.mockito.ResetMocksTestExecutionListener@d5161b5]
19:09:15.640 [Test worker] DEBUG org.springframework.test.annotation.ProfileValueUtils - Retrieved @ProfileValueSourceConfiguration [null] for test class [com.fetch.exercise.FetchExerciseApplicationTests]
19:09:15.640 [Test worker] DEBUG org.springframework.test.annotation.ProfileValueUtils - Retrieved ProfileValueSource type [class org.springframework.test.annotation.SystemProfileValueSource] for class [com.fetch.exercise.FetchExerciseApplicationTests]
19:09:15.641 [Test worker] DEBUG org.springframework.test.annotation.ProfileValueUtils - Retrieved @ProfileValueSourceConfiguration [null] for test class [com.fetch.exercise.FetchExerciseApplicationTests]
19:09:15.641 [Test worker] DEBUG org.springframework.test.annotation.ProfileValueUtils - Retrieved ProfileValueSource type [class org.springframework.test.annotation.SystemProfileValueSource] for class [com.fetch.exercise.FetchExerciseApplicationTests]
19:09:15.644 [Test worker] DEBUG org.springframework.test.context.support.AbstractDirtiesContextTestExecutionListener - Before test class: context [DefaultTestContext@78911a7c testClass = FetchExerciseApplicationTests, testInstance = [null], testMethod = [null], testException = [null], mergedContextConfiguration = [WebMergedContextConfiguration@27bc2d49 testClass = FetchExerciseApplicationTests, locations = '{}', classes = '{class com.fetch.exercise.FetchExerciseApplication}', contextInitializerClasses = '[]', activeProfiles = '{}', propertySourceLocations = '{}', propertySourceProperties = '{org.springframework.boot.test.context.SpringBootTestContextBootstrapper=true}', contextCustomizers = set[org.springframework.boot.test.autoconfigure.properties.PropertyMappingContextCustomizer@0, org.springframework.boot.test.autoconfigure.web.servlet.WebDriverContextCustomizerFactory$Customizer@25ffab82, org.springframework.boot.test.context.filter.ExcludeFilterContextCustomizer@5d7ad266, org.springframework.boot.test.json.DuplicateJsonObjectContextCustomizerFactory$DuplicateJsonObjectContextCustomizer@2092ea80, org.springframework.boot.test.mock.mockito.MockitoContextCustomizer@0, org.springframework.boot.test.web.client.TestRestTemplateContextCustomizer@3cb096d6], resourceBasePath = 'src/main/webapp', contextLoader = 'org.springframework.boot.test.context.SpringBootContextLoader', parent = [null]], attributes = map['org.springframework.test.context.web.ServletTestExecutionListener.activateListener' -> true]], class annotated with @DirtiesContext [false] with mode [null].
19:09:15.645 [Test worker] DEBUG org.springframework.test.annotation.ProfileValueUtils - Retrieved @ProfileValueSourceConfiguration [null] for test class [com.fetch.exercise.FetchExerciseApplicationTests]
19:09:15.645 [Test worker] DEBUG org.springframework.test.annotation.ProfileValueUtils - Retrieved ProfileValueSource type [class org.springframework.test.annotation.SystemProfileValueSource] for class [com.fetch.exercise.FetchExerciseApplicationTests]
19:09:15.661 [Test worker] DEBUG org.springframework.test.context.support.TestPropertySourceUtils - Adding inlined properties to environment: {spring.jmx.enabled=false, org.springframework.boot.test.context.SpringBootTestContextBootstrapper=true, server.port=-1}

  .   ____          _            __ _ _
 /\\ / ___'_ __ _ _(_)_ __  __ _ \ \ \ \
( ( )\___ | '_ | '_| | '_ \/ _` | \ \ \ \
 \\/  ___)| |_)| | | | | || (_| |  ) ) ) )
  '  |____| .__|_| |_|_| |_\__, | / / / /
 =========|_|==============|___/=/_/_/_/
 :: Spring Boot ::        (v2.1.1.RELEASE)

2018-12-24 19:09:15.852  INFO 5743 --- [    Test worker] c.f.e.FetchExerciseApplicationTests      : Starting FetchExerciseApplicationTests on tuanle-HP-ProDesk-400-G2-MT-TPM-DP with PID 5743 (started by tuanle in /home/tuanle/tuandata/data/sources/fetch-exercise-2018)
2018-12-24 19:09:15.853  INFO 5743 --- [    Test worker] c.f.e.FetchExerciseApplicationTests      : No active profile set, falling back to default profiles: default
2018-12-24 19:09:16.670  INFO 5743 --- [    Test worker] .s.d.r.c.RepositoryConfigurationDelegate : Bootstrapping Spring Data repositories in DEFAULT mode.
2018-12-24 19:09:16.735  INFO 5743 --- [    Test worker] .s.d.r.c.RepositoryConfigurationDelegate : Finished Spring Data repository scanning in 48ms. Found 1 repository interfaces.
2018-12-24 19:09:17.171  INFO 5743 --- [    Test worker] trationDelegate$BeanPostProcessorChecker : Bean 'org.springframework.transaction.annotation.ProxyTransactionManagementConfiguration' of type [org.springframework.transaction.annotation.ProxyTransactionManagementConfiguration$$EnhancerBySpringCGLIB$$f1fafc87] is not eligible for getting processed by all BeanPostProcessors (for example: not eligible for auto-proxying)
2018-12-24 19:09:17.434  INFO 5743 --- [    Test worker] com.zaxxer.hikari.HikariDataSource       : HikariPool-1 - Starting...
2018-12-24 19:09:17.546  INFO 5743 --- [    Test worker] com.zaxxer.hikari.HikariDataSource       : HikariPool-1 - Start completed.
2018-12-24 19:09:17.607  INFO 5743 --- [    Test worker] o.hibernate.jpa.internal.util.LogHelper  : HHH000204: Processing PersistenceUnitInfo [
	name: default
	...]
2018-12-24 19:09:17.659  INFO 5743 --- [    Test worker] org.hibernate.Version                    : HHH000412: Hibernate Core {5.3.7.Final}
2018-12-24 19:09:17.660  INFO 5743 --- [    Test worker] org.hibernate.cfg.Environment            : HHH000206: hibernate.properties not found
2018-12-24 19:09:17.764  INFO 5743 --- [    Test worker] o.hibernate.annotations.common.Version   : HCANN000001: Hibernate Commons Annotations {5.0.4.Final}
2018-12-24 19:09:17.868  INFO 5743 --- [    Test worker] org.hibernate.dialect.Dialect            : HHH000400: Using dialect: org.hibernate.dialect.H2Dialect
2018-12-24 19:09:18.354  INFO 5743 --- [    Test worker] o.h.t.schema.internal.SchemaCreatorImpl  : HHH000476: Executing import script 'org.hibernate.tool.schema.internal.exec.ScriptSourceInputNonExistentImpl@2a5aaf0c'
2018-12-24 19:09:18.357  INFO 5743 --- [    Test worker] j.LocalContainerEntityManagerFactoryBean : Initialized JPA EntityManagerFactory for persistence unit 'default'
2018-12-24 19:09:19.214  INFO 5743 --- [    Test worker] o.s.s.concurrent.ThreadPoolTaskExecutor  : Initializing ExecutorService 'applicationTaskExecutor'
2018-12-24 19:09:19.269  WARN 5743 --- [    Test worker] aWebConfiguration$JpaWebMvcConfiguration : spring.jpa.open-in-view is enabled by default. Therefore, database queries may be performed during view rendering. Explicitly configure spring.jpa.open-in-view to disable this warning
2018-12-24 19:09:20.117  INFO 5743 --- [    Test worker] o.s.s.web.DefaultSecurityFilterChain     : Creating filter chain: any request, [org.springframework.security.web.context.request.async.WebAsyncManagerIntegrationFilter@65cb48e2, org.springframework.security.web.context.SecurityContextPersistenceFilter@77ffd798, org.springframework.security.web.header.HeaderWriterFilter@3b11175f, org.springframework.security.web.authentication.logout.LogoutFilter@21b0ede5, com.fetch.exercise.jwt.JwtTokenFilter@7b2ca23d, org.springframework.security.web.savedrequest.RequestCacheAwareFilter@407fdc5, org.springframework.security.web.servletapi.SecurityContextHolderAwareRequestFilter@2f2fd706, org.springframework.security.web.authentication.AnonymousAuthenticationFilter@64798cfd, org.springframework.security.web.session.SessionManagementFilter@39a3a330, org.springframework.security.web.access.ExceptionTranslationFilter@2c92be4a, org.springframework.security.web.access.intercept.FilterSecurityInterceptor@3286fa75]
2018-12-24 19:09:20.230  INFO 5743 --- [    Test worker] o.s.b.a.e.web.EndpointLinksResolver      : Exposing 1 endpoint(s) beneath base path '/actuator'
2018-12-24 19:09:20.380  INFO 5743 --- [    Test worker] c.f.e.FetchExerciseApplicationTests      : Started FetchExerciseApplicationTests in 4.714 seconds (JVM running for 5.415)
]]></system-out>
  <system-err><![CDATA[]]></system-err>
</testsuite>
